Using pre-set license
Built from '2021.3/staging' branch; Version is '2021.3.32f1 (3b9dae9532f5) revision 3906990'; Using compiler version '192829333'; Build Type 'Release'
OS: 'Windows 10  (10.0.19045) 64bit Professional' Language: 'es' Physical Memory: 16318 MB
BatchMode: 1, IsHumanControllingUs: 0, StartBugReporterOnCrash: 0, Is64bit: 1, IsPro: 1

COMMAND LINE ARGUMENTS:
C:\Program Files\Unity\Hub\Editor\2021.3.32f1\Editor\Unity.exe
-adb2
-batchMode
-noUpm
-name
AssetImportWorker0
-projectPath
D:/JUegos/Terror2
-logFile
Logs/AssetImportWorker0.log
-srvPort
64006
Successfully changed project path to: D:/JUegos/Terror2
D:/JUegos/Terror2
[UnityMemory] Configuration Parameters - Can be set up in boot.config
    "memorysetup-bucket-allocator-granularity=16"
    "memorysetup-bucket-allocator-bucket-count=8"
    "memorysetup-bucket-allocator-block-size=33554432"
    "memorysetup-bucket-allocator-block-count=8"
    "memorysetup-main-allocator-block-size=16777216"
    "memorysetup-thread-allocator-block-size=16777216"
    "memorysetup-gfx-main-allocator-block-size=16777216"
    "memorysetup-gfx-thread-allocator-block-size=16777216"
    "memorysetup-cache-allocator-block-size=4194304"
    "memorysetup-typetree-allocator-block-size=2097152"
    "memorysetup-profiler-bucket-allocator-granularity=16"
    "memorysetup-profiler-bucket-allocator-bucket-count=8"
    "memorysetup-profiler-bucket-allocator-block-size=33554432"
    "memorysetup-profiler-bucket-allocator-block-count=8"
    "memorysetup-profiler-allocator-block-size=16777216"
    "memorysetup-profiler-editor-allocator-block-size=1048576"
    "memorysetup-temp-allocator-size-main=16777216"
    "memorysetup-job-temp-allocator-block-size=2097152"
    "memorysetup-job-temp-allocator-block-size-background=1048576"
    "memorysetup-job-temp-allocator-reduction-small-platforms=262144"
    "memorysetup-temp-allocator-size-background-worker=32768"
    "memorysetup-temp-allocator-size-job-worker=262144"
    "memorysetup-temp-allocator-size-preload-manager=33554432"
    "memorysetup-temp-allocator-size-nav-mesh-worker=65536"
    "memorysetup-temp-allocator-size-audio-worker=65536"
    "memorysetup-temp-allocator-size-cloud-worker=32768"
    "memorysetup-temp-allocator-size-gi-baking-worker=262144"
    "memorysetup-temp-allocator-size-gfx=262144"
Player connection [18668] Host "[IP] 192.168.18.20 [Port] 0 [Flags] 2 [Guid] 3592941373 [EditorId] 3592941373 [Version] 1048832 [Id] WindowsEditor(7,DESKTOP-S2UKGHK) [Debug] 1 [PackageName] WindowsEditor [ProjectName] Editor" joined multi-casting on [225.0.0.222:54997]...

Player connection [18668] Host "[IP] 192.168.18.20 [Port] 0 [Flags] 2 [Guid] 3592941373 [EditorId] 3592941373 [Version] 1048832 [Id] WindowsEditor(7,DESKTOP-S2UKGHK) [Debug] 1 [PackageName] WindowsEditor [ProjectName] Editor" joined alternative multi-casting on [225.0.0.222:34997]...

[Physics::Module] Initialized MultithreadedJobDispatcher with {0} workers.
Refreshing native plugins compatible for Editor in 87.27 ms, found 4 plugins.
Preloading 0 native plugins for Editor in 0.00 ms.
Initialize engine version: 2021.3.32f1 (3b9dae9532f5)
[Subsystems] Discovering subsystems at path C:/Program Files/Unity/Hub/Editor/2021.3.32f1/Editor/Data/Resources/UnitySubsystems
[Subsystems] Discovering subsystems at path D:/JUegos/Terror2/Assets
GfxDevice: creating device client; threaded=0; jobified=0
Direct3D:
    Version:  Direct3D 11.0 [level 11.1]
    Renderer: NVIDIA GeForce GTX 1650 (ID=0x1f82)
    Vendor:   NVIDIA
    VRAM:     3950 MB
    Driver:   31.0.15.4584
Initialize mono
Mono path[0] = 'C:/Program Files/Unity/Hub/Editor/2021.3.32f1/Editor/Data/Managed'
Mono path[1] = 'C:/Program Files/Unity/Hub/Editor/2021.3.32f1/Editor/Data/MonoBleedingEdge/lib/mono/unityjit-win32'
Mono config path = 'C:/Program Files/Unity/Hub/Editor/2021.3.32f1/Editor/Data/MonoBleedingEdge/etc'
Using monoOptions --debugger-agent=transport=dt_socket,embedding=1,server=y,suspend=n,address=127.0.0.1:56464
Begin MonoManager ReloadAssembly
Registering precompiled unity dll's ...
Register platform support module: C:/Program Files/Unity/Hub/Editor/2021.3.32f1/Editor/Data/PlaybackEngines/AndroidPlayer/UnityEditor.Android.Extensions.dll
Register platform support module: C:/Program Files/Unity/Hub/Editor/2021.3.32f1/Editor/Data/PlaybackEngines/iOSSupport/UnityEditor.iOS.Extensions.dll
Register platform support module: C:/Program Files/Unity/Hub/Editor/2021.3.32f1/Editor/Data/PlaybackEngines/WindowsStandaloneSupport/UnityEditor.WindowsStandalone.Extensions.dll
Registered in 0.015449 seconds.
Native extension for WindowsStandalone target not found
[usbmuxd] Start listen thread
[usbmuxd] Listen thread started
Native extension for iOS target not found
Native extension for Android target not found
Android Extension - Scanning For ADB Devices 322 ms
Refreshing native plugins compatible for Editor in 96.88 ms, found 4 plugins.
Preloading 0 native plugins for Editor in 0.00 ms.
Mono: successfully reloaded assembly
- Completed reload, in  1.081 seconds
Domain Reload Profiling:
	ReloadAssembly (1081ms)
		BeginReloadAssembly (114ms)
			ExecutionOrderSort (0ms)
			DisableScriptedObjects (0ms)
			BackupInstance (0ms)
			ReleaseScriptingObjects (0ms)
			CreateAndSetChildDomain (1ms)
		EndReloadAssembly (851ms)
			LoadAssemblies (111ms)
			RebuildTransferFunctionScriptingTraits (0ms)
			SetupTypeCache (124ms)
			ReleaseScriptCaches (0ms)
			RebuildScriptCaches (30ms)
			SetupLoadedEditorAssemblies (648ms)
				LogAssemblyErrors (0ms)
				InitializePlatformSupportModulesInManaged (425ms)
				SetLoadedEditorAssemblies (0ms)
				RefreshPlugins (97ms)
				BeforeProcessingInitializeOnLoad (1ms)
				ProcessInitializeOnLoadAttributes (77ms)
				ProcessInitializeOnLoadMethodAttributes (47ms)
				AfterProcessingInitializeOnLoad (0ms)
				EditorAssembliesLoaded (0ms)
			ExecutionOrderSort2 (0ms)
			AwakeInstancesAfterBackupRestoration (0ms)
Platform modules already initialized, skipping
Registering precompiled user dll's ...
Registered in 0.011594 seconds.
Begin MonoManager ReloadAssembly
Native extension for WindowsStandalone target not found
Native extension for iOS target not found
Native extension for Android target not found
Refreshing native plugins compatible for Editor in 78.27 ms, found 4 plugins.
Preloading 0 native plugins for Editor in 0.00 ms.
Package Manager log level set to [2]
[Package Manager] Server::EnsureServerProcessIsRunning -- launch failed, reason: Unity was launched with the -noUpm command-line argument
[Package Manager] Cannot connect to Unity Package Manager local server
Mono: successfully reloaded assembly
- Completed reload, in  1.717 seconds
Domain Reload Profiling:
	ReloadAssembly (1717ms)
		BeginReloadAssembly (147ms)
			ExecutionOrderSort (0ms)
			DisableScriptedObjects (8ms)
			BackupInstance (0ms)
			ReleaseScriptingObjects (0ms)
			CreateAndSetChildDomain (20ms)
		EndReloadAssembly (1459ms)
			LoadAssemblies (129ms)
			RebuildTransferFunctionScriptingTraits (0ms)
			SetupTypeCache (322ms)
			ReleaseScriptCaches (1ms)
			RebuildScriptCaches (55ms)
			SetupLoadedEditorAssemblies (947ms)
				LogAssemblyErrors (0ms)
				InitializePlatformSupportModulesInManaged (31ms)
				SetLoadedEditorAssemblies (0ms)
				RefreshPlugins (78ms)
				BeforeProcessingInitializeOnLoad (91ms)
				ProcessInitializeOnLoadAttributes (714ms)
				ProcessInitializeOnLoadMethodAttributes (18ms)
				AfterProcessingInitializeOnLoad (13ms)
				EditorAssembliesLoaded (0ms)
			ExecutionOrderSort2 (0ms)
			AwakeInstancesAfterBackupRestoration (7ms)
Platform modules already initialized, skipping
========================================================================
Worker process is ready to serve import requests
Launched and connected shader compiler UnityShaderCompiler.exe after 0.06 seconds
Refreshing native plugins compatible for Editor in 1.29 ms, found 4 plugins.
Preloading 0 native plugins for Editor in 0.00 ms.
Unloading 4092 Unused Serialized files (Serialized files now loaded: 0)
Unloading 76 unused Assets / (22.2 MB). Loaded Objects now: 4537.
Memory consumption went from 223.3 MB to 201.1 MB.
Total: 8.272900 ms (FindLiveObjects: 0.325800 ms CreateObjectMapping: 0.287300 ms MarkObjects: 3.365900 ms  DeleteObjects: 4.292200 ms)

AssetImportParameters requested are different than current active one (requested -> active):
  custom:video-decoder-ogg-theora: a1e56fd34408186e4bbccfd4996cb3dc -> 
  custom:container-muxer-webm: aa71ff27fc2769a1b78a27578f13a17b -> 
  custom:container-demuxer-webm: 4f35f7cbe854078d1ac9338744f61a02 -> 
  custom:video-encoder-webm-vp8: eb34c28f22e8b96e1ab97ce403110664 -> 
  custom:CustomObjectIndexerAttribute: bc11b3a6c3213fcdd17b65e7da85e133 -> 
  custom:audio-encoder-webm-vorbis: bf7c407c2cedff20999df2af8eb42d56 -> 
  custom:framework-win-MediaFoundation: 216162199b28c13a410421893ffa2e32 -> 
  custom:SearchIndexIgnoredProperties: e643bd26f0fe6173181afceb89e7c659 -> 
  custom:container-demuxer-ogg: 62fdf1f143b41e24485cea50d1cbac27 -> 
  custom:video-decoder-webm-vp8: 9c59270c3fd7afecdb556c50c9e8de78 -> 
  custom:audio-decoder-ogg-vorbis: bf7c407c2cedff20999df2af8eb42d56 -> 
========================================================================
Received Import Request.
  Time since last request: 64907.244349 seconds.
  path: Assets/Characters FBX/Texture/Ch16_1002_Specular 1.png
  artifactKey: Guid(710594def1f4f86448459805c344a35b) Importer(815301076,1909f56bfc062723c751e8b465ee728b)
Number of updated assets reloaded before import = 0
Start importing Assets/Characters FBX/Texture/Ch16_1002_Specular 1.png using Guid(710594def1f4f86448459805c344a35b) Importer(815301076,1909f56bfc062723c751e8b465ee728b)  -> (artifact id: '743bd6fd2ae9f508ab290d8e6dd1ed28') in 0.130942 seconds 
Number of asset objects unloaded after import = 2
========================================================================
Received Import Request.
  Time since last request: 0.000027 seconds.
  path: Assets/Characters FBX/Texture/Ch16_1001_Normal 1.png
  artifactKey: Guid(0e75cbd795b053841ade656e57f28635) Importer(815301076,1909f56bfc062723c751e8b465ee728b)
Number of updated assets reloaded before import = 0
Start importing Assets/Characters FBX/Texture/Ch16_1001_Normal 1.png using Guid(0e75cbd795b053841ade656e57f28635) Importer(815301076,1909f56bfc062723c751e8b465ee728b)  -> (artifact id: '1483a9da6979810218bbf1cf6dab148f') in 0.080254 seconds 
Number of asset objects unloaded after import = 2
========================================================================
Received Import Request.
  Time since last request: 0.000026 seconds.
  path: Assets/InnerDriveStudios/DruidTome/Textures/DruidTome_Albedo.png
  artifactKey: Guid(9687ea1659105a842bd8cbeb49511397) Importer(815301076,1909f56bfc062723c751e8b465ee728b)
Number of updated assets reloaded before import = 0
Start importing Assets/InnerDriveStudios/DruidTome/Textures/DruidTome_Albedo.png using Guid(9687ea1659105a842bd8cbeb49511397) Importer(815301076,1909f56bfc062723c751e8b465ee728b)  -> (artifact id: '4ff4855c56bf91c2c6701cdf154a9635') in 0.017513 seconds 
Number of asset objects unloaded after import = 2
========================================================================
Received Import Request.
  Time since last request: 0.000024 seconds.
  path: Assets/DoorPackage/OBJ Models/BackShootingGallery/BSGSecurityDoor/Materials/BSGSecurityDoor_Albedo.png
  artifactKey: Guid(fd92f3df01c69524395746c4fad63875) Importer(815301076,1909f56bfc062723c751e8b465ee728b)
Number of updated assets reloaded before import = 0
Start importing Assets/DoorPackage/OBJ Models/BackShootingGallery/BSGSecurityDoor/Materials/BSGSecurityDoor_Albedo.png using Guid(fd92f3df01c69524395746c4fad63875) Importer(815301076,1909f56bfc062723c751e8b465ee728b)  -> (artifact id: '28933da8244bd91d816ed772f45372fa') in 0.019496 seconds 
Number of asset objects unloaded after import = 2
========================================================================
Received Import Request.
  Time since last request: 0.000017 seconds.
  path: Assets/Characters FBX/Texture/Ch16_1002_Normal 1.png
  artifactKey: Guid(101f3b2a1a58ef247b9801101eddb22e) Importer(815301076,1909f56bfc062723c751e8b465ee728b)
Number of updated assets reloaded before import = 0
Start importing Assets/Characters FBX/Texture/Ch16_1002_Normal 1.png using Guid(101f3b2a1a58ef247b9801101eddb22e) Importer(815301076,1909f56bfc062723c751e8b465ee728b)  -> (artifact id: '2fe8f932ecc1fe9fcfe8d938fdb50671') in 0.087655 seconds 
Number of asset objects unloaded after import = 2
========================================================================
Received Import Request.
  Time since last request: 0.000012 seconds.
  path: Assets/TextMesh Pro/Examples & Extras/Resources/Fonts & Materials/Bangers SDF.asset
  artifactKey: Guid(125cb55b44b24c4393181402bc6200e6) Importer(815301076,1909f56bfc062723c751e8b465ee728b)
Number of updated assets reloaded before import = 0
Start importing Assets/TextMesh Pro/Examples & Extras/Resources/Fonts & Materials/Bangers SDF.asset using Guid(125cb55b44b24c4393181402bc6200e6) Importer(815301076,1909f56bfc062723c751e8b465ee728b)  -> (artifact id: '8bb30eb65341280db4be334394d5cd08') in 0.077955 seconds 
Number of asset objects unloaded after import = 6
========================================================================
Received Import Request.
  Time since last request: 0.000014 seconds.
  path: Assets/Characters FBX/Texture/Ch33_1001_Glossiness 2.png
  artifactKey: Guid(c1642d7f7e5d0634b8027fdd5d16a2ac) Importer(815301076,1909f56bfc062723c751e8b465ee728b)
Number of updated assets reloaded before import = 0
Start importing Assets/Characters FBX/Texture/Ch33_1001_Glossiness 2.png using Guid(c1642d7f7e5d0634b8027fdd5d16a2ac) Importer(815301076,1909f56bfc062723c751e8b465ee728b)  -> (artifact id: 'cc0bf8f651040798f55c51438e9dd012') in 0.166222 seconds 
Number of asset objects unloaded after import = 2
========================================================================
Received Import Request.
  Time since last request: 0.000019 seconds.
  path: Assets/SharedAssets/Materials/Textures/Checkers_NO.png
  artifactKey: Guid(c4b43567aafd8a040b34a6a86ce60ad9) Importer(815301076,1909f56bfc062723c751e8b465ee728b)
Number of updated assets reloaded before import = 0
Start importing Assets/SharedAssets/Materials/Textures/Checkers_NO.png using Guid(c4b43567aafd8a040b34a6a86ce60ad9) Importer(815301076,1909f56bfc062723c751e8b465ee728b)  -> (artifact id: '1d97d48695fd28491821939b10e6e3d8') in 0.084230 seconds 
Number of asset objects unloaded after import = 2
========================================================================
Received Import Request.
  Time since last request: 0.000023 seconds.
  path: Assets/Characters FBX/Texture/Ch16_1001_Glossiness 1.png
  artifactKey: Guid(1e6aedccd7aeac44ab92e5c19dce75b5) Importer(815301076,1909f56bfc062723c751e8b465ee728b)
Number of updated assets reloaded before import = 0
Start importing Assets/Characters FBX/Texture/Ch16_1001_Glossiness 1.png using Guid(1e6aedccd7aeac44ab92e5c19dce75b5) Importer(815301076,1909f56bfc062723c751e8b465ee728b)  -> (artifact id: '0873b8e601052be16cf1026fbea9e3d0') in 0.055274 seconds 
Number of asset objects unloaded after import = 2
========================================================================
Received Import Request.
  Time since last request: 0.000016 seconds.
  path: Assets/Characters FBX/Texture/Ch33_1002_Normal.png
  artifactKey: Guid(16b1f011e1da73c4e96bec5740bc7831) Importer(815301076,1909f56bfc062723c751e8b465ee728b)
Number of updated assets reloaded before import = 0
Start importing Assets/Characters FBX/Texture/Ch33_1002_Normal.png using Guid(16b1f011e1da73c4e96bec5740bc7831) Importer(815301076,1909f56bfc062723c751e8b465ee728b)  -> (artifact id: 'c2477ac2a4bd5b7348afe95594d271f7') in 0.189353 seconds 
Number of asset objects unloaded after import = 2
========================================================================
Received Import Request.
  Time since last request: 0.000019 seconds.
  path: Assets/DoorPackage/OBJ Models/BackShootingGallery/BSGExit/Materials/BSGExit_Albedo.png
  artifactKey: Guid(58913edd17ec04e43b96a34d8e73df73) Importer(815301076,1909f56bfc062723c751e8b465ee728b)
Number of updated assets reloaded before import = 0
Start importing Assets/DoorPackage/OBJ Models/BackShootingGallery/BSGExit/Materials/BSGExit_Albedo.png using Guid(58913edd17ec04e43b96a34d8e73df73) Importer(815301076,1909f56bfc062723c751e8b465ee728b)  -> (artifact id: '3438f6a59978d1f023ee990e3d59496c') in 0.020253 seconds 
Number of asset objects unloaded after import = 2
========================================================================
Received Import Request.
  Time since last request: 0.000023 seconds.
  path: Assets/SlimUI/Tech Menu/Graphics/BarFade.png
  artifactKey: Guid(af61b345092f5db47a7707a72e78e0b9) Importer(815301076,1909f56bfc062723c751e8b465ee728b)
Number of updated assets reloaded before import = 0
Start importing Assets/SlimUI/Tech Menu/Graphics/BarFade.png using Guid(af61b345092f5db47a7707a72e78e0b9) Importer(815301076,1909f56bfc062723c751e8b465ee728b)  -> (artifact id: 'b12effa0c2b3268061fb4f1cb0a2455b') in 0.064772 seconds 
Number of asset objects unloaded after import = 3
========================================================================
Received Import Request.
  Time since last request: 0.000014 seconds.
  path: Assets/TextMesh Pro/Examples & Extras/Resources/Fonts & Materials/Anton SDF.asset
  artifactKey: Guid(8a89fa14b10d46a99122fd4f73fca9a2) Importer(815301076,1909f56bfc062723c751e8b465ee728b)
Number of updated assets reloaded before import = 0
Start importing Assets/TextMesh Pro/Examples & Extras/Resources/Fonts & Materials/Anton SDF.asset using Guid(8a89fa14b10d46a99122fd4f73fca9a2) Importer(815301076,1909f56bfc062723c751e8b465ee728b)  -> (artifact id: 'aceab1a9cb55e86fb87b7d57cd29335f') in 0.023566 seconds 
Number of asset objects unloaded after import = 6
========================================================================
Received Import Request.
  Time since last request: 0.000013 seconds.
  path: Assets/Characters FBX/Texture/Ch33_1001_Glossiness 1.png
  artifactKey: Guid(caf54958a2a29cc4eb04f4872791ab5f) Importer(815301076,1909f56bfc062723c751e8b465ee728b)
Number of updated assets reloaded before import = 0
Start importing Assets/Characters FBX/Texture/Ch33_1001_Glossiness 1.png using Guid(caf54958a2a29cc4eb04f4872791ab5f) Importer(815301076,1909f56bfc062723c751e8b465ee728b)  -> (artifact id: '113e990c1eb7d58c97b4a8ba15be6693') in 0.097845 seconds 
Number of asset objects unloaded after import = 2
========================================================================
Received Import Request.
  Time since last request: 0.000026 seconds.
  path: Assets/DoorPackage/OBJ Models/BackShootingGallery/BSGSecurityDoor/Materials/BSGSecurityDoor_Normal.png
  artifactKey: Guid(3d424dda19dd06f47972b14ab1d2c56d) Importer(815301076,1909f56bfc062723c751e8b465ee728b)
Number of updated assets reloaded before import = 0
Start importing Assets/DoorPackage/OBJ Models/BackShootingGallery/BSGSecurityDoor/Materials/BSGSecurityDoor_Normal.png using Guid(3d424dda19dd06f47972b14ab1d2c56d) Importer(815301076,1909f56bfc062723c751e8b465ee728b)  -> (artifact id: 'a111cd99fc211ff45a45dc1ba58edc0a') in 0.021322 seconds 
Number of asset objects unloaded after import = 2
========================================================================
Received Import Request.
  Time since last request: 0.000035 seconds.
  path: Assets/Little_GhostLP(FREE)/Texture/Axe.png
  artifactKey: Guid(3c3d1bbcf3b256f4dad25b08de76d89d) Importer(815301076,1909f56bfc062723c751e8b465ee728b)
Number of updated assets reloaded before import = 0
Start importing Assets/Little_GhostLP(FREE)/Texture/Axe.png using Guid(3c3d1bbcf3b256f4dad25b08de76d89d) Importer(815301076,1909f56bfc062723c751e8b465ee728b)  -> (artifact id: '7f64bbb5b9b1f3c48c99ed06ef0b682e') in 0.109722 seconds 
Number of asset objects unloaded after import = 2
========================================================================
Received Import Request.
  Time since last request: 0.000017 seconds.
  path: Assets/Characters FBX/Texture/Ch33_1002_Diffuse 1.png
  artifactKey: Guid(605b95e2a401d2248b2f82c9269e4201) Importer(815301076,1909f56bfc062723c751e8b465ee728b)
Number of updated assets reloaded before import = 0
Start importing Assets/Characters FBX/Texture/Ch33_1002_Diffuse 1.png using Guid(605b95e2a401d2248b2f82c9269e4201) Importer(815301076,1909f56bfc062723c751e8b465ee728b)  -> (artifact id: '5e13c6ff2dc33c80448a456fdf02f9e8') in 0.017830 seconds 
Number of asset objects unloaded after import = 2
========================================================================
Received Import Request.
  Time since last request: 0.000019 seconds.
  path: Assets/DoorPackage/OBJ Models/BackShootingGallery/BSGExit/Materials/BSGExit_Metallic.png
  artifactKey: Guid(7cee0134e55aa4c42857370299749034) Importer(815301076,1909f56bfc062723c751e8b465ee728b)
Number of updated assets reloaded before import = 0
Start importing Assets/DoorPackage/OBJ Models/BackShootingGallery/BSGExit/Materials/BSGExit_Metallic.png using Guid(7cee0134e55aa4c42857370299749034) Importer(815301076,1909f56bfc062723c751e8b465ee728b)  -> (artifact id: '48727b7e59fe698efd514da52b19571a') in 0.020423 seconds 
Number of asset objects unloaded after import = 2
========================================================================
Received Import Request.
  Time since last request: 0.000023 seconds.
  path: Assets/Little_GhostLP(FREE)/Texture/Ghost Kid/Ghost Kid Normal.png
  artifactKey: Guid(94913b13d1da1934b8fd1a0de5b3b91b) Importer(815301076,1909f56bfc062723c751e8b465ee728b)
Number of updated assets reloaded before import = 0
Start importing Assets/Little_GhostLP(FREE)/Texture/Ghost Kid/Ghost Kid Normal.png using Guid(94913b13d1da1934b8fd1a0de5b3b91b) Importer(815301076,1909f56bfc062723c751e8b465ee728b)  -> (artifact id: 'd128055f9fcb14b820519222b14a589b') in 0.020634 seconds 
Number of asset objects unloaded after import = 2
========================================================================
Received Import Request.
  Time since last request: 0.000019 seconds.
  path: Assets/Characters FBX/Texture/Ch33_1001_Diffuse 1.png
  artifactKey: Guid(467f703a6f5136d489b2267ccbded5d4) Importer(815301076,1909f56bfc062723c751e8b465ee728b)
Number of updated assets reloaded before import = 0
Start importing Assets/Characters FBX/Texture/Ch33_1001_Diffuse 1.png using Guid(467f703a6f5136d489b2267ccbded5d4) Importer(815301076,1909f56bfc062723c751e8b465ee728b)  -> (artifact id: '0268c0162fd6dbe0383a96a6053c5b02') in 0.017409 seconds 
Number of asset objects unloaded after import = 2
========================================================================
Received Import Request.
  Time since last request: 0.000014 seconds.
  path: Assets/Characters FBX/Texture/Ch33_1001_Normal.png
  artifactKey: Guid(fad5d7aa8b2c4ee4a868b5113156cbcc) Importer(815301076,1909f56bfc062723c751e8b465ee728b)
Number of updated assets reloaded before import = 0
Start importing Assets/Characters FBX/Texture/Ch33_1001_Normal.png using Guid(fad5d7aa8b2c4ee4a868b5113156cbcc) Importer(815301076,1909f56bfc062723c751e8b465ee728b)  -> (artifact id: '993f98d2cfd406966c5c60b69c3dff60') in 0.107379 seconds 
Number of asset objects unloaded after import = 2
========================================================================
Received Import Request.
  Time since last request: 0.000026 seconds.
  path: Assets/Characters FBX/Texture/Ch16_1002_Normal.png
  artifactKey: Guid(081049c04c502874d8e27f3ba642cfb8) Importer(815301076,1909f56bfc062723c751e8b465ee728b)
Number of updated assets reloaded before import = 0
Start importing Assets/Characters FBX/Texture/Ch16_1002_Normal.png using Guid(081049c04c502874d8e27f3ba642cfb8) Importer(815301076,1909f56bfc062723c751e8b465ee728b)  -> (artifact id: '71cb9009a703f08fbd98dd83e057d7b2') in 0.148438 seconds 
Number of asset objects unloaded after import = 2
========================================================================
Received Import Request.
  Time since last request: 0.000019 seconds.
  path: Assets/Characters FBX/Texture/Ch33_1001_Normal 1.png
  artifactKey: Guid(9f2244598721c534dbd93314a4dc3d4d) Importer(815301076,1909f56bfc062723c751e8b465ee728b)
Number of updated assets reloaded before import = 0
Start importing Assets/Characters FBX/Texture/Ch33_1001_Normal 1.png using Guid(9f2244598721c534dbd93314a4dc3d4d) Importer(815301076,1909f56bfc062723c751e8b465ee728b)  -> (artifact id: 'd36c68c4864a3ed2e82b22affa6d13bd') in 0.019565 seconds 
Number of asset objects unloaded after import = 2
========================================================================
Received Import Request.
  Time since last request: 0.000039 seconds.
  path: Assets/Characters FBX/Texture/Ch16_1001_Glossiness.png
  artifactKey: Guid(af926a3c8e4a9344cbc6d39121f3ff49) Importer(815301076,1909f56bfc062723c751e8b465ee728b)
Number of updated assets reloaded before import = 0
Start importing Assets/Characters FBX/Texture/Ch16_1001_Glossiness.png using Guid(af926a3c8e4a9344cbc6d39121f3ff49) Importer(815301076,1909f56bfc062723c751e8b465ee728b)  -> (artifact id: 'fcb00f881b681538f8a62859bbf854b4') in 0.121069 seconds 
Number of asset objects unloaded after import = 2
========================================================================
Received Import Request.
  Time since last request: 0.000022 seconds.
  path: Assets/SharedAssets/Materials/Textures/CheckersGray_BC.png
  artifactKey: Guid(c922805328ab07d4396783401534201b) Importer(815301076,1909f56bfc062723c751e8b465ee728b)
Number of updated assets reloaded before import = 0
Start importing Assets/SharedAssets/Materials/Textures/CheckersGray_BC.png using Guid(c922805328ab07d4396783401534201b) Importer(815301076,1909f56bfc062723c751e8b465ee728b)  -> (artifact id: 'dbdeb68d7c0ddb49d2312cf1da6163e0') in 0.154882 seconds 
Number of asset objects unloaded after import = 2
========================================================================
Received Import Request.
  Time since last request: 0.000018 seconds.
  path: Assets/Characters FBX/Texture/Ch16_1001_Specular 1.png
  artifactKey: Guid(0009aa59e4c24cb4c9dfb39398c2aadb) Importer(815301076,1909f56bfc062723c751e8b465ee728b)
Number of updated assets reloaded before import = 0
Start importing Assets/Characters FBX/Texture/Ch16_1001_Specular 1.png using Guid(0009aa59e4c24cb4c9dfb39398c2aadb) Importer(815301076,1909f56bfc062723c751e8b465ee728b)  -> (artifact id: 'e33e1c7ab109cacb7d8541edf344de5d') in 0.087257 seconds 
Number of asset objects unloaded after import = 2
========================================================================
Received Import Request.
  Time since last request: 0.000024 seconds.
  path: Assets/DoorPackage/OBJ Models/BackShootingGallery/BSGSecurityDoor/Materials/BSGSecurityDoor_Metallic.png
  artifactKey: Guid(7407fd47f5947ee47bbc3ba46c78846e) Importer(815301076,1909f56bfc062723c751e8b465ee728b)
Number of updated assets reloaded before import = 0
Start importing Assets/DoorPackage/OBJ Models/BackShootingGallery/BSGSecurityDoor/Materials/BSGSecurityDoor_Metallic.png using Guid(7407fd47f5947ee47bbc3ba46c78846e) Importer(815301076,1909f56bfc062723c751e8b465ee728b)  -> (artifact id: '95d7e3de722159863263f52b9889df4f') in 0.018730 seconds 
Number of asset objects unloaded after import = 2
========================================================================
Received Import Request.
  Time since last request: 0.000020 seconds.
  path: Assets/DoorPackage/OBJ Models/BackShootingGallery/BSGExit/Materials/BSGExit_Normal.png
  artifactKey: Guid(aacedd54c7b45204fa5a495d0ab41b62) Importer(815301076,1909f56bfc062723c751e8b465ee728b)
Number of updated assets reloaded before import = 0
Start importing Assets/DoorPackage/OBJ Models/BackShootingGallery/BSGExit/Materials/BSGExit_Normal.png using Guid(aacedd54c7b45204fa5a495d0ab41b62) Importer(815301076,1909f56bfc062723c751e8b465ee728b)  -> (artifact id: '2e0e1e0b36eadbb6b3c3d49e389e829c') in 0.018316 seconds 
Number of asset objects unloaded after import = 2
========================================================================
Received Import Request.
  Time since last request: 0.000019 seconds.
  path: Assets/Characters FBX/Texture/Ch33_1001_Specular 1.png
  artifactKey: Guid(345a2e4b2a538aa439b276b045c480a3) Importer(815301076,1909f56bfc062723c751e8b465ee728b)
Number of updated assets reloaded before import = 0
Start importing Assets/Characters FBX/Texture/Ch33_1001_Specular 1.png using Guid(345a2e4b2a538aa439b276b045c480a3) Importer(815301076,1909f56bfc062723c751e8b465ee728b)  -> (artifact id: '3d2e63664226864097b4599fe82180e3') in 0.146757 seconds 
Number of asset objects unloaded after import = 2
========================================================================
Received Prepare
Refreshing native plugins compatible for Editor in 7.97 ms, found 4 plugins.
Preloading 0 native plugins for Editor in 0.00 ms.
Unloading 68 Unused Serialized files (Serialized files now loaded: 0)
Unloading 68 unused Assets / (22.2 MB). Loaded Objects now: 4587.
Memory consumption went from 138.4 MB to 116.2 MB.
Total: 7.560200 ms (FindLiveObjects: 0.402300 ms CreateObjectMapping: 0.328400 ms MarkObjects: 3.589700 ms  DeleteObjects: 3.239000 ms)

AssetImportParameters requested are different than current active one (requested -> active):
  custom:video-decoder-ogg-theora: a1e56fd34408186e4bbccfd4996cb3dc -> 
  custom:container-muxer-webm: aa71ff27fc2769a1b78a27578f13a17b -> 
  custom:container-demuxer-webm: 4f35f7cbe854078d1ac9338744f61a02 -> 
  custom:video-encoder-webm-vp8: eb34c28f22e8b96e1ab97ce403110664 -> 
  custom:CustomObjectIndexerAttribute: bc11b3a6c3213fcdd17b65e7da85e133 -> 
  custom:audio-encoder-webm-vorbis: bf7c407c2cedff20999df2af8eb42d56 -> 
  custom:framework-win-MediaFoundation: 216162199b28c13a410421893ffa2e32 -> 
  custom:SearchIndexIgnoredProperties: e643bd26f0fe6173181afceb89e7c659 -> 
  custom:container-demuxer-ogg: 62fdf1f143b41e24485cea50d1cbac27 -> 
  custom:video-decoder-webm-vp8: 9c59270c3fd7afecdb556c50c9e8de78 -> 
  custom:audio-decoder-ogg-vorbis: bf7c407c2cedff20999df2af8eb42d56 -> 
========================================================================
Received Prepare
Refreshing native plugins compatible for Editor in 10.96 ms, found 4 plugins.
Preloading 0 native plugins for Editor in 0.00 ms.
Unloading 68 Unused Serialized files (Serialized files now loaded: 0)
Unloading 68 unused Assets / (22.2 MB). Loaded Objects now: 4587.
Memory consumption went from 138.4 MB to 116.2 MB.
Total: 11.295600 ms (FindLiveObjects: 0.908200 ms CreateObjectMapping: 0.817400 ms MarkObjects: 4.178900 ms  DeleteObjects: 5.389100 ms)

AssetImportParameters requested are different than current active one (requested -> active):
  custom:video-decoder-ogg-theora: a1e56fd34408186e4bbccfd4996cb3dc -> 
  custom:container-muxer-webm: aa71ff27fc2769a1b78a27578f13a17b -> 
  custom:container-demuxer-webm: 4f35f7cbe854078d1ac9338744f61a02 -> 
  custom:video-encoder-webm-vp8: eb34c28f22e8b96e1ab97ce403110664 -> 
  custom:CustomObjectIndexerAttribute: bc11b3a6c3213fcdd17b65e7da85e133 -> 
  custom:audio-encoder-webm-vorbis: bf7c407c2cedff20999df2af8eb42d56 -> 
  custom:framework-win-MediaFoundation: 216162199b28c13a410421893ffa2e32 -> 
  custom:SearchIndexIgnoredProperties: e643bd26f0fe6173181afceb89e7c659 -> 
  custom:container-demuxer-ogg: 62fdf1f143b41e24485cea50d1cbac27 -> 
  custom:video-decoder-webm-vp8: 9c59270c3fd7afecdb556c50c9e8de78 -> 
  custom:audio-decoder-ogg-vorbis: bf7c407c2cedff20999df2af8eb42d56 -> 
