Using pre-set license
Built from '2021.3/staging' branch; Version is '2021.3.32f1 (3b9dae9532f5) revision 3906990'; Using compiler version '192829333'; Build Type 'Release'
OS: 'Windows 10  (10.0.19045) 64bit Professional' Language: 'es' Physical Memory: 16318 MB
BatchMode: 1, IsHumanControllingUs: 0, StartBugReporterOnCrash: 0, Is64bit: 1, IsPro: 1

COMMAND LINE ARGUMENTS:
C:\Program Files\Unity\Hub\Editor\2021.3.32f1\Editor\Unity.exe
-adb2
-batchMode
-noUpm
-name
AssetImportWorker2
-projectPath
D:/JUegos/Terror2
-logFile
Logs/AssetImportWorker2.log
-srvPort
64006
Successfully changed project path to: D:/JUegos/Terror2
D:/JUegos/Terror2
[UnityMemory] Configuration Parameters - Can be set up in boot.config
    "memorysetup-bucket-allocator-granularity=16"
    "memorysetup-bucket-allocator-bucket-count=8"
    "memorysetup-bucket-allocator-block-size=33554432"
    "memorysetup-bucket-allocator-block-count=8"
    "memorysetup-main-allocator-block-size=16777216"
    "memorysetup-thread-allocator-block-size=16777216"
    "memorysetup-gfx-main-allocator-block-size=16777216"
    "memorysetup-gfx-thread-allocator-block-size=16777216"
    "memorysetup-cache-allocator-block-size=4194304"
    "memorysetup-typetree-allocator-block-size=2097152"
    "memorysetup-profiler-bucket-allocator-granularity=16"
    "memorysetup-profiler-bucket-allocator-bucket-count=8"
    "memorysetup-profiler-bucket-allocator-block-size=33554432"
    "memorysetup-profiler-bucket-allocator-block-count=8"
    "memorysetup-profiler-allocator-block-size=16777216"
    "memorysetup-profiler-editor-allocator-block-size=1048576"
    "memorysetup-temp-allocator-size-main=16777216"
    "memorysetup-job-temp-allocator-block-size=2097152"
    "memorysetup-job-temp-allocator-block-size-background=1048576"
    "memorysetup-job-temp-allocator-reduction-small-platforms=262144"
    "memorysetup-temp-allocator-size-background-worker=32768"
    "memorysetup-temp-allocator-size-job-worker=262144"
    "memorysetup-temp-allocator-size-preload-manager=33554432"
    "memorysetup-temp-allocator-size-nav-mesh-worker=65536"
    "memorysetup-temp-allocator-size-audio-worker=65536"
    "memorysetup-temp-allocator-size-cloud-worker=32768"
    "memorysetup-temp-allocator-size-gi-baking-worker=262144"
    "memorysetup-temp-allocator-size-gfx=262144"
Player connection [40552] Host "[IP] 192.168.18.20 [Port] 0 [Flags] 2 [Guid] 1657241826 [EditorId] 1657241826 [Version] 1048832 [Id] WindowsEditor(7,DESKTOP-S2UKGHK) [Debug] 1 [PackageName] WindowsEditor [ProjectName] Editor" joined multi-casting on [225.0.0.222:54997]...

Player connection [40552] Host "[IP] 192.168.18.20 [Port] 0 [Flags] 2 [Guid] 1657241826 [EditorId] 1657241826 [Version] 1048832 [Id] WindowsEditor(7,DESKTOP-S2UKGHK) [Debug] 1 [PackageName] WindowsEditor [ProjectName] Editor" joined alternative multi-casting on [225.0.0.222:34997]...

[Physics::Module] Initialized MultithreadedJobDispatcher with {0} workers.
Refreshing native plugins compatible for Editor in 85.44 ms, found 4 plugins.
Preloading 0 native plugins for Editor in 0.00 ms.
Initialize engine version: 2021.3.32f1 (3b9dae9532f5)
[Subsystems] Discovering subsystems at path C:/Program Files/Unity/Hub/Editor/2021.3.32f1/Editor/Data/Resources/UnitySubsystems
[Subsystems] Discovering subsystems at path D:/JUegos/Terror2/Assets
GfxDevice: creating device client; threaded=0; jobified=0
Direct3D:
    Version:  Direct3D 11.0 [level 11.1]
    Renderer: NVIDIA GeForce GTX 1650 (ID=0x1f82)
    Vendor:   NVIDIA
    VRAM:     3950 MB
    Driver:   31.0.15.4584
Initialize mono
Mono path[0] = 'C:/Program Files/Unity/Hub/Editor/2021.3.32f1/Editor/Data/Managed'
Mono path[1] = 'C:/Program Files/Unity/Hub/Editor/2021.3.32f1/Editor/Data/MonoBleedingEdge/lib/mono/unityjit-win32'
Mono config path = 'C:/Program Files/Unity/Hub/Editor/2021.3.32f1/Editor/Data/MonoBleedingEdge/etc'
Using monoOptions --debugger-agent=transport=dt_socket,embedding=1,server=y,suspend=n,address=127.0.0.1:56228
Begin MonoManager ReloadAssembly
Registering precompiled unity dll's ...
Register platform support module: C:/Program Files/Unity/Hub/Editor/2021.3.32f1/Editor/Data/PlaybackEngines/AndroidPlayer/UnityEditor.Android.Extensions.dll
Register platform support module: C:/Program Files/Unity/Hub/Editor/2021.3.32f1/Editor/Data/PlaybackEngines/iOSSupport/UnityEditor.iOS.Extensions.dll
Register platform support module: C:/Program Files/Unity/Hub/Editor/2021.3.32f1/Editor/Data/PlaybackEngines/WindowsStandaloneSupport/UnityEditor.WindowsStandalone.Extensions.dll
Registered in 0.015326 seconds.
Native extension for WindowsStandalone target not found
[usbmuxd] Start listen thread
[usbmuxd] Listen thread started
Native extension for iOS target not found
Native extension for Android target not found
Android Extension - Scanning For ADB Devices 326 ms
Refreshing native plugins compatible for Editor in 80.84 ms, found 4 plugins.
Preloading 0 native plugins for Editor in 0.00 ms.
Mono: successfully reloaded assembly
- Completed reload, in  1.077 seconds
Domain Reload Profiling:
	ReloadAssembly (1077ms)
		BeginReloadAssembly (109ms)
			ExecutionOrderSort (0ms)
			DisableScriptedObjects (0ms)
			BackupInstance (0ms)
			ReleaseScriptingObjects (0ms)
			CreateAndSetChildDomain (1ms)
		EndReloadAssembly (841ms)
			LoadAssemblies (107ms)
			RebuildTransferFunctionScriptingTraits (0ms)
			SetupTypeCache (126ms)
			ReleaseScriptCaches (0ms)
			RebuildScriptCaches (31ms)
			SetupLoadedEditorAssemblies (639ms)
				LogAssemblyErrors (0ms)
				InitializePlatformSupportModulesInManaged (429ms)
				SetLoadedEditorAssemblies (0ms)
				RefreshPlugins (81ms)
				BeforeProcessingInitializeOnLoad (1ms)
				ProcessInitializeOnLoadAttributes (82ms)
				ProcessInitializeOnLoadMethodAttributes (45ms)
				AfterProcessingInitializeOnLoad (0ms)
				EditorAssembliesLoaded (0ms)
			ExecutionOrderSort2 (0ms)
			AwakeInstancesAfterBackupRestoration (0ms)
Platform modules already initialized, skipping
Registering precompiled user dll's ...
Registered in 0.009663 seconds.
Begin MonoManager ReloadAssembly
Native extension for WindowsStandalone target not found
Native extension for iOS target not found
Native extension for Android target not found
Refreshing native plugins compatible for Editor in 79.93 ms, found 4 plugins.
Preloading 0 native plugins for Editor in 0.00 ms.
Package Manager log level set to [2]
[Package Manager] Server::EnsureServerProcessIsRunning -- launch failed, reason: Unity was launched with the -noUpm command-line argument
[Package Manager] Cannot connect to Unity Package Manager local server
Mono: successfully reloaded assembly
- Completed reload, in  1.714 seconds
Domain Reload Profiling:
	ReloadAssembly (1715ms)
		BeginReloadAssembly (154ms)
			ExecutionOrderSort (0ms)
			DisableScriptedObjects (9ms)
			BackupInstance (0ms)
			ReleaseScriptingObjects (0ms)
			CreateAndSetChildDomain (20ms)
		EndReloadAssembly (1450ms)
			LoadAssemblies (128ms)
			RebuildTransferFunctionScriptingTraits (0ms)
			SetupTypeCache (313ms)
			ReleaseScriptCaches (1ms)
			RebuildScriptCaches (55ms)
			SetupLoadedEditorAssemblies (946ms)
				LogAssemblyErrors (0ms)
				InitializePlatformSupportModulesInManaged (32ms)
				SetLoadedEditorAssemblies (0ms)
				RefreshPlugins (80ms)
				BeforeProcessingInitializeOnLoad (96ms)
				ProcessInitializeOnLoadAttributes (706ms)
				ProcessInitializeOnLoadMethodAttributes (17ms)
				AfterProcessingInitializeOnLoad (14ms)
				EditorAssembliesLoaded (0ms)
			ExecutionOrderSort2 (0ms)
			AwakeInstancesAfterBackupRestoration (8ms)
Platform modules already initialized, skipping
========================================================================
Worker process is ready to serve import requests
Launched and connected shader compiler UnityShaderCompiler.exe after 0.06 seconds
Refreshing native plugins compatible for Editor in 1.18 ms, found 4 plugins.
Preloading 0 native plugins for Editor in 0.00 ms.
Unloading 4092 Unused Serialized files (Serialized files now loaded: 0)
Unloading 76 unused Assets / (22.2 MB). Loaded Objects now: 4537.
Memory consumption went from 223.1 MB to 200.9 MB.
Total: 8.558100 ms (FindLiveObjects: 0.462800 ms CreateObjectMapping: 0.481100 ms MarkObjects: 4.091300 ms  DeleteObjects: 3.521700 ms)

AssetImportParameters requested are different than current active one (requested -> active):
  custom:video-decoder-ogg-theora: a1e56fd34408186e4bbccfd4996cb3dc -> 
  custom:container-muxer-webm: aa71ff27fc2769a1b78a27578f13a17b -> 
  custom:container-demuxer-webm: 4f35f7cbe854078d1ac9338744f61a02 -> 
  custom:video-encoder-webm-vp8: eb34c28f22e8b96e1ab97ce403110664 -> 
  custom:CustomObjectIndexerAttribute: bc11b3a6c3213fcdd17b65e7da85e133 -> 
  custom:audio-encoder-webm-vorbis: bf7c407c2cedff20999df2af8eb42d56 -> 
  custom:framework-win-MediaFoundation: 216162199b28c13a410421893ffa2e32 -> 
  custom:SearchIndexIgnoredProperties: e643bd26f0fe6173181afceb89e7c659 -> 
  custom:container-demuxer-ogg: 62fdf1f143b41e24485cea50d1cbac27 -> 
  custom:video-decoder-webm-vp8: 9c59270c3fd7afecdb556c50c9e8de78 -> 
  custom:audio-decoder-ogg-vorbis: bf7c407c2cedff20999df2af8eb42d56 -> 
========================================================================
Received Import Request.
  Time since last request: 64907.252219 seconds.
  path: Assets/Characters FBX/Texture/Ch33_1001_Normal 2.png
  artifactKey: Guid(883e442180df6c24b968da6bfea8184e) Importer(815301076,1909f56bfc062723c751e8b465ee728b)
Number of updated assets reloaded before import = 0
Start importing Assets/Characters FBX/Texture/Ch33_1001_Normal 2.png using Guid(883e442180df6c24b968da6bfea8184e) Importer(815301076,1909f56bfc062723c751e8b465ee728b)  -> (artifact id: 'd75f254cf16dd262e3fada9f630f6ec6') in 0.229969 seconds 
Number of asset objects unloaded after import = 2
========================================================================
Received Import Request.
  Time since last request: 0.000018 seconds.
  path: Assets/SlimUI/Tech Menu/Graphics/Corner Move.png
  artifactKey: Guid(9a9e97c2b2e62ef48bc2eacc8d92cd56) Importer(815301076,1909f56bfc062723c751e8b465ee728b)
Number of updated assets reloaded before import = 0
Start importing Assets/SlimUI/Tech Menu/Graphics/Corner Move.png using Guid(9a9e97c2b2e62ef48bc2eacc8d92cd56) Importer(815301076,1909f56bfc062723c751e8b465ee728b)  -> (artifact id: '10b9c0daa08c3987f28c26715814c48d') in 0.096056 seconds 
Number of asset objects unloaded after import = 3
========================================================================
Received Import Request.
  Time since last request: 0.000034 seconds.
  path: Assets/SlimUI/Fonts/DOSIS-MEDIUM.asset
  artifactKey: Guid(c9b5356971579494b9b27f0122ce83d1) Importer(815301076,1909f56bfc062723c751e8b465ee728b)
Number of updated assets reloaded before import = 0
Start importing Assets/SlimUI/Fonts/DOSIS-MEDIUM.asset using Guid(c9b5356971579494b9b27f0122ce83d1) Importer(815301076,1909f56bfc062723c751e8b465ee728b)  -> (artifact id: '4a710ed76f52872409112b321fa9a067') in 0.288742 seconds 
Number of asset objects unloaded after import = 4
========================================================================
Received Import Request.
  Time since last request: 0.000018 seconds.
  path: Assets/Characters FBX/Texture/Ch33_1001_Glossiness.png
  artifactKey: Guid(4313b3dcf49220c44ac852a604230424) Importer(815301076,1909f56bfc062723c751e8b465ee728b)
Number of updated assets reloaded before import = 0
Start importing Assets/Characters FBX/Texture/Ch33_1001_Glossiness.png using Guid(4313b3dcf49220c44ac852a604230424) Importer(815301076,1909f56bfc062723c751e8b465ee728b)  -> (artifact id: '04d033905a68f2654e5b2e733806c42f') in 0.123327 seconds 
Number of asset objects unloaded after import = 2
========================================================================
Received Import Request.
  Time since last request: 0.000024 seconds.
  path: Assets/Characters FBX/Texture/Ch16_1002_Diffuse 1.png
  artifactKey: Guid(5b124849836f7514eb658b49bfaddfe6) Importer(815301076,1909f56bfc062723c751e8b465ee728b)
Number of updated assets reloaded before import = 0
Start importing Assets/Characters FBX/Texture/Ch16_1002_Diffuse 1.png using Guid(5b124849836f7514eb658b49bfaddfe6) Importer(815301076,1909f56bfc062723c751e8b465ee728b)  -> (artifact id: '57a89e53d4a563a93c3e11d215f6ca49') in 0.119754 seconds 
Number of asset objects unloaded after import = 2
========================================================================
Received Import Request.
  Time since last request: 0.000015 seconds.
  path: Assets/SlimUI/Fonts/DOSIS-EXTRALIGHT.asset
  artifactKey: Guid(4ca4ddc56581da348b48fcb9563c0f5c) Importer(815301076,1909f56bfc062723c751e8b465ee728b)
Number of updated assets reloaded before import = 0
Start importing Assets/SlimUI/Fonts/DOSIS-EXTRALIGHT.asset using Guid(4ca4ddc56581da348b48fcb9563c0f5c) Importer(815301076,1909f56bfc062723c751e8b465ee728b)  -> (artifact id: 'fe389262672487385b11ebb0c40ae300') in 0.212142 seconds 
Number of asset objects unloaded after import = 4
========================================================================
Received Import Request.
  Time since last request: 0.000022 seconds.
  path: Assets/Characters FBX/Texture/Ch16_1001_Diffuse.png
  artifactKey: Guid(e9349d0182563a84ba54f2dbf6931e3d) Importer(815301076,1909f56bfc062723c751e8b465ee728b)
Number of updated assets reloaded before import = 0
Start importing Assets/Characters FBX/Texture/Ch16_1001_Diffuse.png using Guid(e9349d0182563a84ba54f2dbf6931e3d) Importer(815301076,1909f56bfc062723c751e8b465ee728b)  -> (artifact id: '80a521f29b4febd73209f1089630bf0a') in 0.128677 seconds 
Number of asset objects unloaded after import = 2
========================================================================
Received Import Request.
  Time since last request: 0.000024 seconds.
  path: Assets/SlimUI/Tech Menu/Graphics/Block.png
  artifactKey: Guid(1ad6acc4ef152af41a5b5f6c7a89bf65) Importer(815301076,1909f56bfc062723c751e8b465ee728b)
Number of updated assets reloaded before import = 0
Start importing Assets/SlimUI/Tech Menu/Graphics/Block.png using Guid(1ad6acc4ef152af41a5b5f6c7a89bf65) Importer(815301076,1909f56bfc062723c751e8b465ee728b)  -> (artifact id: '5eb65f4003bc1c2b9887ceba2e7abecb') in 0.072577 seconds 
Number of asset objects unloaded after import = 3
========================================================================
Received Import Request.
  Time since last request: 0.000015 seconds.
  path: Assets/Characters FBX/Texture/Ch33_1002_Diffuse.png
  artifactKey: Guid(9e41a6cdee457a54ba13de22af53fc6d) Importer(815301076,1909f56bfc062723c751e8b465ee728b)
Number of updated assets reloaded before import = 0
Start importing Assets/Characters FBX/Texture/Ch33_1002_Diffuse.png using Guid(9e41a6cdee457a54ba13de22af53fc6d) Importer(815301076,1909f56bfc062723c751e8b465ee728b)  -> (artifact id: '96db9549df4384169d0fa4ccb0408cbd') in 0.164327 seconds 
Number of asset objects unloaded after import = 2
========================================================================
Received Import Request.
  Time since last request: 0.000020 seconds.
  path: Assets/Little_GhostLP(FREE)/Texture/Ghost Kid/Ghost Kid Blooded1.png
  artifactKey: Guid(362e38ff592561145b66565074f73fd0) Importer(815301076,1909f56bfc062723c751e8b465ee728b)
Number of updated assets reloaded before import = 0
Start importing Assets/Little_GhostLP(FREE)/Texture/Ghost Kid/Ghost Kid Blooded1.png using Guid(362e38ff592561145b66565074f73fd0) Importer(815301076,1909f56bfc062723c751e8b465ee728b)  -> (artifact id: '1fbe866e5f1ee8555c75adfc82a1da84') in 0.113693 seconds 
Number of asset objects unloaded after import = 2
========================================================================
Received Import Request.
  Time since last request: 0.000027 seconds.
  path: Assets/SlimUI/Tech Menu/Graphics/Corner Blank.png
  artifactKey: Guid(723624f7e48590b48835ee6a92fca85e) Importer(815301076,1909f56bfc062723c751e8b465ee728b)
Number of updated assets reloaded before import = 0
Start importing Assets/SlimUI/Tech Menu/Graphics/Corner Blank.png using Guid(723624f7e48590b48835ee6a92fca85e) Importer(815301076,1909f56bfc062723c751e8b465ee728b)  -> (artifact id: '94b624ed1f04e506d66c508c40bb069b') in 0.045417 seconds 
Number of asset objects unloaded after import = 3
========================================================================
Received Import Request.
  Time since last request: 0.000013 seconds.
  path: Assets/SlimUI/Tech Menu/Graphics/Arrow.png
  artifactKey: Guid(c36699fb3b37a0d499718ec291dc9a70) Importer(815301076,1909f56bfc062723c751e8b465ee728b)
Number of updated assets reloaded before import = 0
Start importing Assets/SlimUI/Tech Menu/Graphics/Arrow.png using Guid(c36699fb3b37a0d499718ec291dc9a70) Importer(815301076,1909f56bfc062723c751e8b465ee728b)  -> (artifact id: 'dd78cea71f5c08dc88e157193a7008f9') in 0.066054 seconds 
Number of asset objects unloaded after import = 3
========================================================================
Received Import Request.
  Time since last request: 0.000014 seconds.
  path: Assets/Characters FBX/Texture/Ch16_1001_Diffuse 1.png
  artifactKey: Guid(7140e381946ea3241a07488bd357b633) Importer(815301076,1909f56bfc062723c751e8b465ee728b)
Number of updated assets reloaded before import = 0
Start importing Assets/Characters FBX/Texture/Ch16_1001_Diffuse 1.png using Guid(7140e381946ea3241a07488bd357b633) Importer(815301076,1909f56bfc062723c751e8b465ee728b)  -> (artifact id: '10b57910d9e15e5f49ef368b8908a90f') in 0.103034 seconds 
Number of asset objects unloaded after import = 2
========================================================================
Received Import Request.
  Time since last request: 0.000028 seconds.
  path: Assets/InnerDriveStudios/DruidTome/Textures/DruidTome_Metallic.png
  artifactKey: Guid(f400c576c5323814abaea4089e26ee87) Importer(815301076,1909f56bfc062723c751e8b465ee728b)
Number of updated assets reloaded before import = 0
Start importing Assets/InnerDriveStudios/DruidTome/Textures/DruidTome_Metallic.png using Guid(f400c576c5323814abaea4089e26ee87) Importer(815301076,1909f56bfc062723c751e8b465ee728b)  -> (artifact id: 'd8a5b843439e59f49baa959c79f8820a') in 0.127117 seconds 
Number of asset objects unloaded after import = 2
========================================================================
Received Import Request.
  Time since last request: 0.000025 seconds.
  path: Assets/Characters FBX/Texture/Ch16_1001_Specular.png
  artifactKey: Guid(059ecb8dfc60c4043a51a28e8a5f6d29) Importer(815301076,1909f56bfc062723c751e8b465ee728b)
Number of updated assets reloaded before import = 0
Start importing Assets/Characters FBX/Texture/Ch16_1001_Specular.png using Guid(059ecb8dfc60c4043a51a28e8a5f6d29) Importer(815301076,1909f56bfc062723c751e8b465ee728b)  -> (artifact id: 'd0026d881b32753a97319cfd235b4721') in 0.062329 seconds 
Number of asset objects unloaded after import = 2
========================================================================
Received Import Request.
  Time since last request: 0.000017 seconds.
  path: Assets/Characters FBX/Texture/Ch16_1002_Glossiness 1.png
  artifactKey: Guid(887ec23b0df45b34e80fad9b544c4f03) Importer(815301076,1909f56bfc062723c751e8b465ee728b)
Number of updated assets reloaded before import = 0
Start importing Assets/Characters FBX/Texture/Ch16_1002_Glossiness 1.png using Guid(887ec23b0df45b34e80fad9b544c4f03) Importer(815301076,1909f56bfc062723c751e8b465ee728b)  -> (artifact id: '72eef1738f4954e72ff9a322639445a5') in 0.057616 seconds 
Number of asset objects unloaded after import = 2
========================================================================
Received Import Request.
  Time since last request: 0.000020 seconds.
  path: Assets/Characters FBX/Texture/Ch33_1002_Normal 2.png
  artifactKey: Guid(bc928e713a6df24419540eeba538c5e1) Importer(815301076,1909f56bfc062723c751e8b465ee728b)
Number of updated assets reloaded before import = 0
Start importing Assets/Characters FBX/Texture/Ch33_1002_Normal 2.png using Guid(bc928e713a6df24419540eeba538c5e1) Importer(815301076,1909f56bfc062723c751e8b465ee728b)  -> (artifact id: 'ad585ec6a1b4ff20178f170ce0c8bff6') in 0.078340 seconds 
Number of asset objects unloaded after import = 2
========================================================================
Received Prepare
Refreshing native plugins compatible for Editor in 7.97 ms, found 4 plugins.
Preloading 0 native plugins for Editor in 0.00 ms.
Unloading 68 Unused Serialized files (Serialized files now loaded: 0)
Unloading 68 unused Assets / (22.2 MB). Loaded Objects now: 4591.
Memory consumption went from 138.2 MB to 116.0 MB.
Total: 6.630600 ms (FindLiveObjects: 0.407800 ms CreateObjectMapping: 0.307800 ms MarkObjects: 2.704200 ms  DeleteObjects: 3.209900 ms)

AssetImportParameters requested are different than current active one (requested -> active):
  custom:video-decoder-ogg-theora: a1e56fd34408186e4bbccfd4996cb3dc -> 
  custom:container-muxer-webm: aa71ff27fc2769a1b78a27578f13a17b -> 
  custom:container-demuxer-webm: 4f35f7cbe854078d1ac9338744f61a02 -> 
  custom:video-encoder-webm-vp8: eb34c28f22e8b96e1ab97ce403110664 -> 
  custom:CustomObjectIndexerAttribute: bc11b3a6c3213fcdd17b65e7da85e133 -> 
  custom:audio-encoder-webm-vorbis: bf7c407c2cedff20999df2af8eb42d56 -> 
  custom:framework-win-MediaFoundation: 216162199b28c13a410421893ffa2e32 -> 
  custom:SearchIndexIgnoredProperties: e643bd26f0fe6173181afceb89e7c659 -> 
  custom:container-demuxer-ogg: 62fdf1f143b41e24485cea50d1cbac27 -> 
  custom:video-decoder-webm-vp8: 9c59270c3fd7afecdb556c50c9e8de78 -> 
  custom:audio-decoder-ogg-vorbis: bf7c407c2cedff20999df2af8eb42d56 -> 
========================================================================
Received Import Request.
  Time since last request: 426.074975 seconds.
  path: Assets/Niveles/LevelMarino.unity
  artifactKey: Guid(419f78c46c71d6649a6d8dad75d11394) Importer(815301076,1909f56bfc062723c751e8b465ee728b)
Number of updated assets reloaded before import = 0
Start importing Assets/Niveles/LevelMarino.unity using Guid(419f78c46c71d6649a6d8dad75d11394) Importer(815301076,1909f56bfc062723c751e8b465ee728b)  -> (artifact id: 'ac3cff0795a02858be008728e4b3d071') in 0.007325 seconds 
Number of asset objects unloaded after import = 0
========================================================================
Received Prepare
Refreshing native plugins compatible for Editor in 11.19 ms, found 4 plugins.
Preloading 0 native plugins for Editor in 0.00 ms.
Unloading 68 Unused Serialized files (Serialized files now loaded: 0)
Unloading 68 unused Assets / (22.2 MB). Loaded Objects now: 4591.
Memory consumption went from 138.2 MB to 116.0 MB.
Total: 11.078600 ms (FindLiveObjects: 0.953100 ms CreateObjectMapping: 0.676200 ms MarkObjects: 4.477900 ms  DeleteObjects: 4.970100 ms)

AssetImportParameters requested are different than current active one (requested -> active):
  custom:video-decoder-ogg-theora: a1e56fd34408186e4bbccfd4996cb3dc -> 
  custom:container-muxer-webm: aa71ff27fc2769a1b78a27578f13a17b -> 
  custom:container-demuxer-webm: 4f35f7cbe854078d1ac9338744f61a02 -> 
  custom:video-encoder-webm-vp8: eb34c28f22e8b96e1ab97ce403110664 -> 
  custom:CustomObjectIndexerAttribute: bc11b3a6c3213fcdd17b65e7da85e133 -> 
  custom:audio-encoder-webm-vorbis: bf7c407c2cedff20999df2af8eb42d56 -> 
  custom:framework-win-MediaFoundation: 216162199b28c13a410421893ffa2e32 -> 
  custom:SearchIndexIgnoredProperties: e643bd26f0fe6173181afceb89e7c659 -> 
  custom:container-demuxer-ogg: 62fdf1f143b41e24485cea50d1cbac27 -> 
  custom:video-decoder-webm-vp8: 9c59270c3fd7afecdb556c50c9e8de78 -> 
  custom:audio-decoder-ogg-vorbis: bf7c407c2cedff20999df2af8eb42d56 -> 
